<?xml version="1.0" encoding="UTF-8"?>
<testng-results skipped="0" failed="0" total="1" passed="1">
  <reporter-output>
  </reporter-output>
  <suite name="Default suite" duration-ms="967" started-at="2018-10-25T01:33:10Z" finished-at="2018-10-25T01:33:11Z">
    <groups>
    </groups>
    <test name="Default test" duration-ms="967" started-at="2018-10-25T01:33:10Z" finished-at="2018-10-25T01:33:11Z">
      <class name="org.jmeter.fanli.AccountTransferControllerTest">
        <test-method status="PASS" signature="queryOrderWdty2()[pri:0, instance:org.jmeter.fanli.AccountTransferControllerTest@e874448]" name="queryOrderWdty2" duration-ms="935" started-at="2018-10-25T09:33:10Z" finished-at="2018-10-25T09:33:11Z">
          <reporter-output>
          </reporter-output>
        </test-method> <!-- queryOrderWdty2 -->
      </class> <!-- org.jmeter.fanli.AccountTransferControllerTest -->
    </test> <!-- Default test -->
  </suite> <!-- Default suite -->
</testng-results>
